<?xml version="1.0" encoding="UTF-8"?>
<!-- Generated by org.testng.reporters.JUnitReportReporter -->
<testsuite hostname="DESKTOP-CKKV2QJ" name="org.isb.training.selenium.LoadTest2" tests="1" failures="0" timestamp="21 Aug 2019 01:37:56 GMT" time="63.806" errors="0">
  <testcase name="verifySearchButton" time="63.806" classname="org.isb.training.selenium.LoadTest2"/>
</testsuite> <!-- org.isb.training.selenium.LoadTest2 -->
